#
# There is insufficient memory for the Java Runtime Environment to continue.
# Native memory allocation (malloc) failed to allocate 89128960 bytes for committing reserved memory.
# Possible reasons:
#   The system is out of physical RAM or swap space
#   In 32 bit mode, the process size limit was hit
# Possible solutions:
#   Reduce memory load on the system
#   Increase physical memory or swap space
#   Check if swap backing store is full
#   Use 64 bit Java on a 64 bit OS
#   Decrease Java heap size (-Xmx/-Xms)
#   Decrease number of Java threads
#   Decrease Java thread stack sizes (-Xss)
#   Set larger code cache with -XX:ReservedCodeCacheSize=
# This output file may be truncated or incomplete.
#
#  Out of Memory Error (os_linux.cpp:2809), pid=19872, tid=140308462720768
#
# JRE version: OpenJDK Runtime Environment (7.0_79-b14) (build 1.7.0_79-b14)
# Java VM: OpenJDK 64-Bit Server VM (24.79-b02 mixed mode linux-amd64 compressed oops)
# Derivative: IcedTea 2.5.6
# Distribution: Debian GNU/Linux 8.1 (jessie), package 7u79-2.5.6-1~deb8u1
# Failed to write core dump. Core dumps have been disabled. To enable core dumping, try "ulimit -c unlimited" before starting Java again
#

---------------  T H R E A D  ---------------

Current thread (0x00007f9c24076800):  VMThread [stack: 0x00007f9c1c045000,0x00007f9c1c146000] [id=19884]

Stack: [0x00007f9c1c045000,0x00007f9c1c146000],  sp=0x00007f9c1c1444e0,  free space=1021k
Native frames: (J=compiled Java code, j=interpreted, Vv=VM code, C=native code)
V  [libjvm.so+0x9801a6]  VMError::report_and_die()+0x186
V  [libjvm.so+0x48eb62]  report_vm_out_of_memory(char const*, int, unsigned long, char const*)+0x92
V  [libjvm.so+0x7f367b]  os::pd_commit_memory(char*, unsigned long, unsigned long, bool)+0xeb
V  [libjvm.so+0x7edd5e]  os::commit_memory(char*, unsigned long, unsigned long, bool)+0x2e
V  [libjvm.so+0x8607db]  PSVirtualSpace::expand_by(unsigned long)+0x5b
V  [libjvm.so+0x861683]  PSYoungGen::resize_generation(unsigned long, unsigned long)+0xd3
V  [libjvm.so+0x861d9b]  PSYoungGen::resize(unsigned long, unsigned long)+0x1b
V  [libjvm.so+0x85d7a9]  PSScavenge::invoke_no_policy()+0xdc9
V  [libjvm.so+0x85df88]  PSScavenge::invoke()+0x38
V  [libjvm.so+0x815c43]  ParallelScavengeHeap::failed_mem_allocate(unsigned long)+0x63
V  [libjvm.so+0x981a72]  VM_ParallelGCFailedAllocation::doit()+0x92
V  [libjvm.so+0x986327]  VM_Operation::evaluate()+0x47
V  [libjvm.so+0x98490b]  VMThread::evaluate_operation(VM_Operation*)+0xab
V  [libjvm.so+0x984fb6]  VMThread::loop()+0x1e6
V  [libjvm.so+0x985481]  VMThread::run()+0x81
V  [libjvm.so+0x7f05a2]  java_start(Thread*)+0xf2

VM_Operation (0x00007f9c2a856470): ParallelGCFailedAllocation, mode: safepoint, requested by thread 0x00007f9c2400b000


---------------  P R O C E S S  ---------------

Java Threads: ( => current thread )
  0x00007f9c240af000 JavaThread "Service Thread" daemon [_thread_blocked, id=19890, stack(0x00007f9c17871000,0x00007f9c17972000)]
  0x00007f9c240ac800 JavaThread "C2 CompilerThread1" daemon [_thread_blocked, id=19889, stack(0x00007f9c17972000,0x00007f9c17a73000)]
  0x00007f9c240aa000 JavaThread "C2 CompilerThread0" daemon [_thread_blocked, id=19888, stack(0x00007f9c17a73000,0x00007f9c17b74000)]
  0x00007f9c240a7800 JavaThread "Signal Dispatcher" daemon [_thread_blocked, id=19887, stack(0x00007f9c17b74000,0x00007f9c17c75000)]
  0x00007f9c2407c800 JavaThread "Finalizer" daemon [_thread_blocked, id=19886, stack(0x00007f9c17dfe000,0x00007f9c17eff000)]
  0x00007f9c2407a800 JavaThread "Reference Handler" daemon [_thread_blocked, id=19885, stack(0x00007f9c17eff000,0x00007f9c18000000)]
  0x00007f9c2400b000 JavaThread "main" [_thread_blocked, id=19878, stack(0x00007f9c2a757000,0x00007f9c2a858000)]

Other Threads:
=>0x00007f9c24076800 VMThread [stack: 0x00007f9c1c045000,0x00007f9c1c146000] [id=19884]
  0x00007f9c240ba000 WatcherThread [stack: 0x00007f9c17770000,0x00007f9c17871000] [id=19891]

VM state:at safepoint (normal execution)

VM Mutex/Monitor currently owned by a thread:  ([mutex/lock_event])
[0x00007f9c24007310] Threads_lock - owner thread: 0x00007f9c24076800
[0x00007f9c24007810] Heap_lock - owner thread: 0x00007f9c2400b000

Heap
 PSYoungGen      total 52736K, used 3583K [0x00000000eaa80000, 0x00000000ee180000, 0x0000000100000000)
  eden space 49152K, 0% used [0x00000000eaa80000,0x00000000eaa80000,0x00000000eda80000)
  from space 3584K, 99% used [0x00000000eda80000,0x00000000eddffe70,0x00000000ede00000)
  to   space 3584K, 0% used [0x00000000ede00000,0x00000000ede00000,0x00000000ee180000)
 ParOldGen       total 62464K, used 46400K [0x00000000c0000000, 0x00000000c3d00000, 0x00000000eaa80000)
  object space 62464K, 74% used [0x00000000c0000000,0x00000000c2d50180,0x00000000c3d00000)
 PSPermGen       total 21504K, used 7199K [0x00000000b5a00000, 0x00000000b6f00000, 0x00000000c0000000)
  object space 21504K, 33% used [0x00000000b5a00000,0x00000000b6107d48,0x00000000b6f00000)

Card table byte_map: [0x00007f9c1ff2b000,0x00007f9c2017f000] byte_map_base: 0x00007f9c1f97e000

Polling page: 0x00007f9c2a879000

Code Cache  [0x00007f9c2017f000, 0x00007f9c203ef000, 0x00007f9c2317f000)
 total_blobs=730 nmethods=478 adapters=205 free_code_cache=47853Kb largest_free_block=48972352

Compilation events (10 events):
Event: 4.578 Thread 0x00007f9c240ac800 nmethod 478 0x00007f9c202b9110 code [0x00007f9c202b9240, 0x00007f9c202b9298]
Event: 4.578 Thread 0x00007f9c240ac800  479             com.android.dex.ClassDef::getStaticValuesOffset (5 bytes)
Event: 4.578 Thread 0x00007f9c240ac800 nmethod 479 0x00007f9c202b8ed0 code [0x00007f9c202b9000, 0x00007f9c202b9058]
Event: 4.578 Thread 0x00007f9c240ac800  480             com.android.dx.io.instructions.InstructionCodec$6::decode (40 bytes)
Event: 4.581 Thread 0x00007f9c240ac800 nmethod 480 0x00007f9c202baa90 code [0x00007f9c202babe0, 0x00007f9c202bad38]
Event: 4.581 Thread 0x00007f9c240ac800  481             com.android.dx.io.instructions.InstructionCodec$6::encode (26 bytes)
Event: 4.583 Thread 0x00007f9c240ac800 nmethod 481 0x00007f9c202ba610 code [0x00007f9c202ba760, 0x00007f9c202ba8b8]
Event: 4.583 Thread 0x00007f9c240ac800  482             com.android.dx.io.instructions.DecodedInstruction::getTargetByte (48 bytes)
Event: 4.584 Thread 0x00007f9c240ac800 nmethod 482 0x00007f9c202ba3d0 code [0x00007f9c202ba500, 0x00007f9c202ba578]
Event: 4.584 Thread 0x00007f9c240ac800  483             com.android.dx.io.instructions.InstructionCodec$34::decode (314 bytes)

GC Heap History (9 events):
Event: 2.469 GC heap before
{Heap before GC invocations=1 (full 0):
 PSYoungGen      total 28160K, used 24470K [0x00000000eaa80000, 0x00000000ec980000, 0x0000000100000000)
  eden space 24576K, 99% used [0x00000000eaa80000,0x00000000ec2658f0,0x00000000ec280000)
  from space 3584K, 0% used [0x00000000ec600000,0x00000000ec600000,0x00000000ec980000)
  to   space 3584K, 0% used [0x00000000ec280000,0x00000000ec280000,0x00000000ec600000)
 ParOldGen       total 62464K, used 0K [0x00000000c0000000, 0x00000000c3d00000, 0x00000000eaa80000)
  object space 62464K, 0% used [0x00000000c0000000,0x00000000c0000000,0x00000000c3d00000)
 PSPermGen       total 21504K, used 5765K [0x00000000b5a00000, 0x00000000b6f00000, 0x00000000c0000000)
  object space 21504K, 26% used [0x00000000b5a00000,0x00000000b5fa16a0,0x00000000b6f00000)
Event: 2.480 GC heap after
Heap after GC invocations=1 (full 0):
 PSYoungGen      total 28160K, used 3552K [0x00000000eaa80000, 0x00000000ec980000, 0x0000000100000000)
  eden space 24576K, 0% used [0x00000000eaa80000,0x00000000eaa80000,0x00000000ec280000)
  from space 3584K, 99% used [0x00000000ec280000,0x00000000ec5f80f8,0x00000000ec600000)
  to   space 3584K, 0% used [0x00000000ec600000,0x00000000ec600000,0x00000000ec980000)
 ParOldGen       total 62464K, used 3370K [0x00000000c0000000, 0x00000000c3d00000, 0x00000000eaa80000)
  object space 62464K, 5% used [0x00000000c0000000,0x00000000c034a938,0x00000000c3d00000)
 PSPermGen       total 21504K, used 5765K [0x00000000b5a00000, 0x00000000b6f00000, 0x00000000c0000000)
  object space 21504K, 26% used [0x00000000b5a00000,0x00000000b5fa16a0,0x00000000b6f00000)
}
Event: 3.705 GC heap before
{Heap before GC invocations=2 (full 0):
 PSYoungGen      total 28160K, used 26976K [0x00000000eaa80000, 0x00000000ec980000, 0x0000000100000000)
  eden space 24576K, 95% used [0x00000000eaa80000,0x00000000ec1600e8,0x00000000ec280000)
  from space 3584K, 99% used [0x00000000ec280000,0x00000000ec5f80f8,0x00000000ec600000)
  to   space 3584K, 0% used [0x00000000ec600000,0x00000000ec600000,0x00000000ec980000)
 ParOldGen       total 62464K, used 3370K [0x00000000c0000000, 0x00000000c3d00000, 0x00000000eaa80000)
  object space 62464K, 5% used [0x00000000c0000000,0x00000000c034a938,0x00000000c3d00000)
 PSPermGen       total 21504K, used 7127K [0x00000000b5a00000, 0x00000000b6f00000, 0x00000000c0000000)
  object space 21504K, 33% used [0x00000000b5a00000,0x00000000b60f5fd0,0x00000000b6f00000)
Event: 3.720 GC heap after
Heap after GC invocations=2 (full 0):
 PSYoungGen      total 28160K, used 3576K [0x00000000eaa80000, 0x00000000ec980000, 0x0000000100000000)
  eden space 24576K, 0% used [0x00000000eaa80000,0x00000000eaa80000,0x00000000ec280000)
  from space 3584K, 99% used [0x00000000ec600000,0x00000000ec97e168,0x00000000ec980000)
  to   space 3584K, 0% used [0x00000000ec280000,0x00000000ec280000,0x00000000ec600000)
 ParOldGen       total 62464K, used 6324K [0x00000000c0000000, 0x00000000c3d00000, 0x00000000eaa80000)
  object space 62464K, 10% used [0x00000000c0000000,0x00000000c062d3e8,0x00000000c3d00000)
 PSPermGen       total 21504K, used 7127K [0x00000000b5a00000, 0x00000000b6f00000, 0x00000000c0000000)
  object space 21504K, 33% used [0x00000000b5a00000,0x00000000b60f5fd0,0x00000000b6f00000)
}
Event: 3.981 GC heap before
{Heap before GC invocations=3 (full 0):
 PSYoungGen      total 28160K, used 28152K [0x00000000eaa80000, 0x00000000ec980000, 0x0000000100000000)
  eden space 24576K, 100% used [0x00000000eaa80000,0x00000000ec280000,0x00000000ec280000)
  from space 3584K, 99% used [0x00000000ec600000,0x00000000ec97e168,0x00000000ec980000)
  to   space 3584K, 0% used [0x00000000ec280000,0x00000000ec280000,0x00000000ec600000)
 ParOldGen       total 62464K, used 6324K [0x00000000c0000000, 0x00000000c3d00000, 0x00000000eaa80000)
  object space 62464K, 10% used [0x00000000c0000000,0x00000000c062d3e8,0x00000000c3d00000)
 PSPermGen       total 21504K, used 7164K [0x00000000b5a00000, 0x00000000b6f00000, 0x00000000c0000000)
  object space 21504K, 33% used [0x00000000b5a00000,0x00000000b60ff070,0x00000000b6f00000)
Event: 3.990 GC heap after
Heap after GC invocations=3 (full 0):
 PSYoungGen      total 28160K, used 3201K [0x00000000eaa80000, 0x00000000ee180000, 0x0000000100000000)
  eden space 24576K, 0% used [0x00000000eaa80000,0x00000000eaa80000,0x00000000ec280000)
  from space 3584K, 89% used [0x00000000ec280000,0x00000000ec5a04c0,0x00000000ec600000)
  to   space 3584K, 0% used [0x00000000ede00000,0x00000000ede00000,0x00000000ee180000)
 ParOldGen       total 62464K, used 19177K [0x00000000c0000000, 0x00000000c3d00000, 0x00000000eaa80000)
  object space 62464K, 30% used [0x00000000c0000000,0x00000000c12ba708,0x00000000c3d00000)
 PSPermGen       total 21504K, used 7164K [0x00000000b5a00000, 0x00000000b6f00000, 0x00000000c0000000)
  object space 21504K, 33% used [0x00000000b5a00000,0x00000000b60ff070,0x00000000b6f00000)
}
Event: 4.301 GC heap before
{Heap before GC invocations=4 (full 0):
 PSYoungGen      total 28160K, used 27777K [0x00000000eaa80000, 0x00000000ee180000, 0x0000000100000000)
  eden space 24576K, 100% used [0x00000000eaa80000,0x00000000ec280000,0x00000000ec280000)
  from space 3584K, 89% used [0x00000000ec280000,0x00000000ec5a04c0,0x00000000ec600000)
  to   space 3584K, 0% used [0x00000000ede00000,0x00000000ede00000,0x00000000ee180000)
 ParOldGen       total 62464K, used 19177K [0x00000000c0000000, 0x00000000c3d00000, 0x00000000eaa80000)
  object space 62464K, 30% used [0x00000000c0000000,0x00000000c12ba708,0x00000000c3d00000)
 PSPermGen       total 21504K, used 7186K [0x00000000b5a00000, 0x00000000b6f00000, 0x00000000c0000000)
  object space 21504K, 33% used [0x00000000b5a00000,0x00000000b6104b50,0x00000000b6f00000)
Event: 4.313 GC heap after
Heap after GC invocations=4 (full 0):
 PSYoungGen      total 52736K, used 3552K [0x00000000eaa80000, 0x00000000ee180000, 0x0000000100000000)
  eden space 49152K, 0% used [0x00000000eaa80000,0x00000000eaa80000,0x00000000eda80000)
  from space 3584K, 99% used [0x00000000ede00000,0x00000000ee178188,0x00000000ee180000)
  to   space 3584K, 0% used [0x00000000eda80000,0x00000000eda80000,0x00000000ede00000)
 ParOldGen       total 62464K, used 24533K [0x00000000c0000000, 0x00000000c3d00000, 0x00000000eaa80000)
  object space 62464K, 39% used [0x00000000c0000000,0x00000000c17f56a0,0x00000000c3d00000)
 PSPermGen       total 21504K, used 7186K [0x00000000b5a00000, 0x00000000b6f00000, 0x00000000c0000000)
  object space 21504K, 33% used [0x00000000b5a00000,0x00000000b6104b50,0x00000000b6f00000)
}
Event: 4.627 GC heap before
{Heap before GC invocations=5 (full 0):
 PSYoungGen      total 52736K, used 52704K [0x00000000eaa80000, 0x00000000ee180000, 0x0000000100000000)
  eden space 49152K, 100% used [0x00000000eaa80000,0x00000000eda80000,0x00000000eda80000)
  from space 3584K, 99% used [0x00000000ede00000,0x00000000ee178188,0x00000000ee180000)
  to   space 3584K, 0% used [0x00000000eda80000,0x00000000eda80000,0x00000000ede00000)
 ParOldGen       total 62464K, used 24533K [0x00000000c0000000, 0x00000000c3d00000, 0x00000000eaa80000)
  object space 62464K, 39% used [0x00000000c0000000,0x00000000c17f56a0,0x00000000c3d00000)
 PSPermGen       total 21504K, used 7199K [0x00000000b5a00000, 0x00000000b6f00000, 0x00000000c0000000)
  object space 21504K, 33% used [0x00000000b5a00000,0x00000000b6107d48,0x00000000b6f00000)

Deoptimization events (10 events):
Event: 3.055 Thread 0x00007f9c2400b000 Uncommon trap: reason=class_check action=maybe_recompile pc=0x00007f9c202216c0 method=com.android.dex.Leb128.writeUnsignedLeb128(Lcom/android/dex/util/ByteOutput;I)V @ 40
Event: 3.055 Thread 0x00007f9c2400b000 Uncommon trap: reason=class_check action=maybe_recompile pc=0x00007f9c202216c0 method=com.android.dex.Leb128.writeUnsignedLeb128(Lcom/android/dex/util/ByteOutput;I)V @ 40
Event: 3.331 Thread 0x00007f9c2400b000 Uncommon trap: reason=class_check action=maybe_recompile pc=0x00007f9c2022a584 method=com.android.dex.Leb128.readUnsignedLeb128(Lcom/android/dex/util/ByteInput;)I @ 5
Event: 3.331 Thread 0x00007f9c2400b000 Uncommon trap: reason=class_check action=maybe_recompile pc=0x00007f9c2022a584 method=com.android.dex.Leb128.readUnsignedLeb128(Lcom/android/dex/util/ByteInput;)I @ 5
Event: 3.331 Thread 0x00007f9c2400b000 Uncommon trap: reason=class_check action=maybe_recompile pc=0x00007f9c2022a584 method=com.android.dex.Leb128.readUnsignedLeb128(Lcom/android/dex/util/ByteInput;)I @ 5
Event: 3.331 Thread 0x00007f9c2400b000 Uncommon trap: reason=class_check action=maybe_recompile pc=0x00007f9c2022a584 method=com.android.dex.Leb128.readUnsignedLeb128(Lcom/android/dex/util/ByteInput;)I @ 5
Event: 3.569 Thread 0x00007f9c2400b000 Uncommon trap: reason=predicate action=maybe_recompile pc=0x00007f9c2023c978 method=com.android.dex.Leb128.readUnsignedLeb128(Lcom/android/dex/util/ByteInput;)I @ 41
Event: 4.392 Thread 0x00007f9c2400b000 Uncommon trap: reason=predicate action=maybe_recompile pc=0x00007f9c202a1bec method=java.util.ComparableTimSort.binarySort([Ljava/lang/Object;III)V @ 37
Event: 4.461 Thread 0x00007f9c2400b000 Uncommon trap: reason=predicate action=maybe_recompile pc=0x00007f9c20221498 method=java.util.TimSort.binarySort([Ljava/lang/Object;IIILjava/util/Comparator;)V @ 37
Event: 4.599 Thread 0x00007f9c2400b000 Uncommon trap: reason=array_check action=maybe_recompile pc=0x00007f9c202be094 method=java.util.ComparableTimSort.binarySort([Ljava/lang/Object;III)V @ 193

Internal exceptions (10 events):
Event: 3.216 Thread 0x00007f9c2400b000 Threw 0x00000000eb42df18 at /home/jmm/jdk/openjdk-7-7u79-2.5.6/build/openjdk/hotspot/src/share/vm/prims/jvm.cpp:1284
Event: 3.216 Thread 0x00007f9c2400b000 Threw 0x00000000eb431b40 at /home/jmm/jdk/openjdk-7-7u79-2.5.6/build/openjdk/hotspot/src/share/vm/prims/jvm.cpp:1284
Event: 3.216 Thread 0x00007f9c2400b000 Threw 0x00000000eb435848 at /home/jmm/jdk/openjdk-7-7u79-2.5.6/build/openjdk/hotspot/src/share/vm/prims/jvm.cpp:1284
Event: 3.218 Thread 0x00007f9c2400b000 Threw 0x00000000eb439e40 at /home/jmm/jdk/openjdk-7-7u79-2.5.6/build/openjdk/hotspot/src/share/vm/prims/jvm.cpp:1284
Event: 3.219 Thread 0x00007f9c2400b000 Threw 0x00000000eb43d988 at /home/jmm/jdk/openjdk-7-7u79-2.5.6/build/openjdk/hotspot/src/share/vm/prims/jvm.cpp:1284
Event: 3.219 Thread 0x00007f9c2400b000 Threw 0x00000000eb4416c8 at /home/jmm/jdk/openjdk-7-7u79-2.5.6/build/openjdk/hotspot/src/share/vm/prims/jvm.cpp:1284
Event: 3.219 Thread 0x00007f9c2400b000 Threw 0x00000000eb445178 at /home/jmm/jdk/openjdk-7-7u79-2.5.6/build/openjdk/hotspot/src/share/vm/prims/jvm.cpp:1284
Event: 3.223 Thread 0x00007f9c2400b000 Threw 0x00000000eb48ccd0 at /home/jmm/jdk/openjdk-7-7u79-2.5.6/build/openjdk/hotspot/src/share/vm/prims/jvm.cpp:1284
Event: 3.223 Thread 0x00007f9c2400b000 Threw 0x00000000eb48f8a8 at /home/jmm/jdk/openjdk-7-7u79-2.5.6/build/openjdk/hotspot/src/share/vm/prims/jvm.cpp:1284
Event: 3.832 Thread 0x00007f9c2400b000 Threw 0x00000000eb12c1e8 at /home/jmm/jdk/openjdk-7-7u79-2.5.6/build/openjdk/hotspot/src/share/vm/prims/jvm.cpp:1284

Events (10 events):
Event: 4.392 Thread 0x00007f9c2400b000 Uncommon trap: trap_request=0xffffff86 fr.pc=0x00007f9c202a1bec
Event: 4.392 Thread 0x00007f9c2400b000 DEOPT PACKING pc=0x00007f9c202a1bec sp=0x00007f9c2a8564a0
Event: 4.392 Thread 0x00007f9c2400b000 DEOPT UNPACKING pc=0x00007f9c201b8445 sp=0x00007f9c2a856480 mode 2
Event: 4.461 Thread 0x00007f9c2400b000 Uncommon trap: trap_request=0xffffff86 fr.pc=0x00007f9c20221498
Event: 4.461 Thread 0x00007f9c2400b000 DEOPT PACKING pc=0x00007f9c20221498 sp=0x00007f9c2a856410
Event: 4.461 Thread 0x00007f9c2400b000 DEOPT UNPACKING pc=0x00007f9c201b8445 sp=0x00007f9c2a856400 mode 2
Event: 4.599 Thread 0x00007f9c2400b000 Uncommon trap: trap_request=0xffffffd6 fr.pc=0x00007f9c202be094
Event: 4.599 Thread 0x00007f9c2400b000 DEOPT PACKING pc=0x00007f9c202be094 sp=0x00007f9c2a856490
Event: 4.599 Thread 0x00007f9c2400b000 DEOPT UNPACKING pc=0x00007f9c201b8445 sp=0x00007f9c2a856468 mode 2
Event: 4.627 Executing VM operation: ParallelGCFailedAllocation


Dynamic libraries:
00400000-00401000 r-xp 00000000 08:07 1472312                            /usr/lib/jvm/java-7-openjdk-amd64/jre/bin/java
00600000-00601000 r--p 00000000 08:07 1472312                            /usr/lib/jvm/java-7-openjdk-amd64/jre/bin/java
00601000-00602000 rw-p 00001000 08:07 1472312                            /usr/lib/jvm/java-7-openjdk-amd64/jre/bin/java
00cd2000-00cf3000 rw-p 00000000 00:00 0                                  [heap]
b5a00000-b6f00000 rw-p 00000000 00:00 0 
b6f00000-c0000000 rw-p 00000000 00:00 0 
c0000000-c3d00000 rw-p 00000000 00:00 0 
c3d00000-eaa80000 rw-p 00000000 00:00 0 
eaa80000-ee180000 rw-p 00000000 00:00 0 
f3680000-100000000 rw-p 00000000 00:00 0 
7f9bd0000000-7f9bd003b000 rw-p 00000000 00:00 0 
7f9bd003b000-7f9bd4000000 ---p 00000000 00:00 0 
7f9bd4000000-7f9bd4023000 rw-p 00000000 00:00 0 
7f9bd4023000-7f9bd8000000 ---p 00000000 00:00 0 
7f9bd8000000-7f9bd8021000 rw-p 00000000 00:00 0 
7f9bd8021000-7f9bdc000000 ---p 00000000 00:00 0 
7f9bdc000000-7f9bdc021000 rw-p 00000000 00:00 0 
7f9bdc021000-7f9be0000000 ---p 00000000 00:00 0 
7f9be0000000-7f9be0021000 rw-p 00000000 00:00 0 
7f9be0021000-7f9be4000000 ---p 00000000 00:00 0 
7f9be4000000-7f9be403b000 rw-p 00000000 00:00 0 
7f9be403b000-7f9be8000000 ---p 00000000 00:00 0 
7f9be8000000-7f9be89ff000 rw-p 00000000 00:00 0 
7f9be89ff000-7f9bec000000 ---p 00000000 00:00 0 
7f9bec000000-7f9bec021000 rw-p 00000000 00:00 0 
7f9bec021000-7f9bf0000000 ---p 00000000 00:00 0 
7f9bf0000000-7f9bf0021000 rw-p 00000000 00:00 0 
7f9bf0021000-7f9bf4000000 ---p 00000000 00:00 0 
7f9bf4000000-7f9bf4923000 rw-p 00000000 00:00 0 
7f9bf4923000-7f9bf8000000 ---p 00000000 00:00 0 
7f9bf8000000-7f9bf8021000 rw-p 00000000 00:00 0 
7f9bf8021000-7f9bfc000000 ---p 00000000 00:00 0 
7f9bfc000000-7f9bfc021000 rw-p 00000000 00:00 0 
7f9bfc021000-7f9c00000000 ---p 00000000 00:00 0 
7f9c00000000-7f9c00021000 rw-p 00000000 00:00 0 
7f9c00021000-7f9c04000000 ---p 00000000 00:00 0 
7f9c04000000-7f9c040e8000 rw-p 00000000 00:00 0 
7f9c040e8000-7f9c08000000 ---p 00000000 00:00 0 
7f9c08000000-7f9c08021000 rw-p 00000000 00:00 0 
7f9c08021000-7f9c0c000000 ---p 00000000 00:00 0 
7f9c10000000-7f9c10021000 rw-p 00000000 00:00 0 
7f9c10021000-7f9c14000000 ---p 00000000 00:00 0 
7f9c15650000-7f9c15ab1000 rw-p 00000000 00:00 0 
7f9c15ab1000-7f9c15b1d000 r-xp 00000000 08:07 1569845                    /lib/x86_64-linux-gnu/libpcre.so.3.13.1
7f9c15b1d000-7f9c15d1d000 ---p 0006c000 08:07 1569845                    /lib/x86_64-linux-gnu/libpcre.so.3.13.1
7f9c15d1d000-7f9c15d1e000 r--p 0006c000 08:07 1569845                    /lib/x86_64-linux-gnu/libpcre.so.3.13.1
7f9c15d1e000-7f9c15d1f000 rw-p 0006d000 08:07 1569845                    /lib/x86_64-linux-gnu/libpcre.so.3.13.1
7f9c15d1f000-7f9c15d26000 r-xp 00000000 08:07 1443326                    /usr/lib/x86_64-linux-gnu/libffi.so.6.0.2
7f9c15d26000-7f9c15f25000 ---p 00007000 08:07 1443326                    /usr/lib/x86_64-linux-gnu/libffi.so.6.0.2
7f9c15f25000-7f9c15f26000 r--p 00006000 08:07 1443326                    /usr/lib/x86_64-linux-gnu/libffi.so.6.0.2
7f9c15f26000-7f9c15f27000 rw-p 00007000 08:07 1443326                    /usr/lib/x86_64-linux-gnu/libffi.so.6.0.2
7f9c15f27000-7f9c15f3b000 r-xp 00000000 08:07 1589922                    /lib/x86_64-linux-gnu/libresolv-2.19.so
7f9c15f3b000-7f9c1613a000 ---p 00014000 08:07 1589922                    /lib/x86_64-linux-gnu/libresolv-2.19.so
7f9c1613a000-7f9c1613b000 r--p 00013000 08:07 1589922                    /lib/x86_64-linux-gnu/libresolv-2.19.so
7f9c1613b000-7f9c1613c000 rw-p 00014000 08:07 1589922                    /lib/x86_64-linux-gnu/libresolv-2.19.so
7f9c1613c000-7f9c1613e000 rw-p 00000000 00:00 0 
7f9c1613e000-7f9c1615f000 r-xp 00000000 08:07 1569891                    /lib/x86_64-linux-gnu/libselinux.so.1
7f9c1615f000-7f9c1635f000 ---p 00021000 08:07 1569891                    /lib/x86_64-linux-gnu/libselinux.so.1
7f9c1635f000-7f9c16360000 r--p 00021000 08:07 1569891                    /lib/x86_64-linux-gnu/libselinux.so.1
7f9c16360000-7f9c16361000 rw-p 00022000 08:07 1569891                    /lib/x86_64-linux-gnu/libselinux.so.1
7f9c16361000-7f9c16363000 rw-p 00000000 00:00 0 
7f9c16363000-7f9c16366000 r-xp 00000000 08:07 1447064                    /usr/lib/x86_64-linux-gnu/libgmodule-2.0.so.0.4200.1
7f9c16366000-7f9c16565000 ---p 00003000 08:07 1447064                    /usr/lib/x86_64-linux-gnu/libgmodule-2.0.so.0.4200.1
7f9c16565000-7f9c16566000 r--p 00002000 08:07 1447064                    /usr/lib/x86_64-linux-gnu/libgmodule-2.0.so.0.4200.1
7f9c16566000-7f9c16567000 rw-p 00003000 08:07 1447064                    /usr/lib/x86_64-linux-gnu/libgmodule-2.0.so.0.4200.1
7f9c16567000-7f9c16673000 r-xp 00000000 08:07 1575494                    /lib/x86_64-linux-gnu/libglib-2.0.so.0.4200.1
7f9c16673000-7f9c16873000 ---p 0010c000 08:07 1575494                    /lib/x86_64-linux-gnu/libglib-2.0.so.0.4200.1
7f9c16873000-7f9c16874000 r--p 0010c000 08:07 1575494                    /lib/x86_64-linux-gnu/libglib-2.0.so.0.4200.1
7f9c16874000-7f9c16875000 rw-p 0010d000 08:07 1575494                    /lib/x86_64-linux-gnu/libglib-2.0.so.0.4200.1
7f9c16875000-7f9c16876000 rw-p 00000000 00:00 0 
7f9c16876000-7f9c168c7000 r-xp 00000000 08:07 1447065                    /usr/lib/x86_64-linux-gnu/libgobject-2.0.so.0.4200.1
7f9c168c7000-7f9c16ac6000 ---p 00051000 08:07 1447065                    /usr/lib/x86_64-linux-gnu/libgobject-2.0.so.0.4200.1
7f9c16ac6000-7f9c16ac7000 r--p 00050000 08:07 1447065                    /usr/lib/x86_64-linux-gnu/libgobject-2.0.so.0.4200.1
7f9c16ac7000-7f9c16ac8000 rw-p 00051000 08:07 1447065                    /usr/lib/x86_64-linux-gnu/libgobject-2.0.so.0.4200.1
7f9c16ac8000-7f9c16c39000 r-xp 00000000 08:07 1447069                    /usr/lib/x86_64-linux-gnu/libgio-2.0.so.0.4200.1
7f9c16c39000-7f9c16e39000 ---p 00171000 08:07 1447069                    /usr/lib/x86_64-linux-gnu/libgio-2.0.so.0.4200.1
7f9c16e39000-7f9c16e3d000 r--p 00171000 08:07 1447069                    /usr/lib/x86_64-linux-gnu/libgio-2.0.so.0.4200.1
7f9c16e3d000-7f9c16e3f000 rw-p 00175000 08:07 1447069                    /usr/lib/x86_64-linux-gnu/libgio-2.0.so.0.4200.1
7f9c16e3f000-7f9c16e41000 rw-p 00000000 00:00 0 
7f9c16e41000-7f9c16e58000 r-xp 00000000 08:07 1574929                    /usr/lib/jvm/java-7-openjdk-amd64/jre/lib/amd64/libnet.so
7f9c16e58000-7f9c17057000 ---p 00017000 08:07 1574929                    /usr/lib/jvm/java-7-openjdk-amd64/jre/lib/amd64/libnet.so
7f9c17057000-7f9c17058000 r--p 00016000 08:07 1574929                    /usr/lib/jvm/java-7-openjdk-amd64/jre/lib/amd64/libnet.so
7f9c17058000-7f9c17059000 rw-p 00017000 08:07 1574929                    /usr/lib/jvm/java-7-openjdk-amd64/jre/lib/amd64/libnet.so
7f9c17059000-7f9c1706a000 r-xp 00000000 08:07 1574895                    /usr/lib/jvm/java-7-openjdk-amd64/jre/lib/amd64/libnio.so
7f9c1706a000-7f9c17269000 ---p 00011000 08:07 1574895                    /usr/lib/jvm/java-7-openjdk-amd64/jre/lib/amd64/libnio.so
7f9c17269000-7f9c1726a000 r--p 00010000 08:07 1574895                    /usr/lib/jvm/java-7-openjdk-amd64/jre/lib/amd64/libnio.so
7f9c1726a000-7f9c1726b000 rw-p 00011000 08:07 1574895                    /usr/lib/jvm/java-7-openjdk-amd64/jre/lib/amd64/libnio.so
7f9c1726b000-7f9c1726e000 ---p 00000000 00:00 0 
7f9c1726e000-7f9c1736c000 rw-p 00000000 00:00 0 
7f9c1736c000-7f9c1736f000 ---p 00000000 00:00 0 
7f9c1736f000-7f9c1746d000 rw-p 00000000 00:00 0 
7f9c1746d000-7f9c17470000 ---p 00000000 00:00 0 
7f9c17470000-7f9c1756e000 rw-p 00000000 00:00 0 
7f9c1756e000-7f9c17571000 ---p 00000000 00:00 0 
7f9c17571000-7f9c1766f000 rw-p 00000000 00:00 0 
7f9c1766f000-7f9c17672000 ---p 00000000 00:00 0 
7f9c17672000-7f9c17770000 rw-p 00000000 00:00 0 
7f9c17770000-7f9c17771000 ---p 00000000 00:00 0 
7f9c17771000-7f9c17871000 rw-p 00000000 00:00 0                          [stack:19891]
7f9c17871000-7f9c17874000 ---p 00000000 00:00 0 
7f9c17874000-7f9c17972000 rw-p 00000000 00:00 0                          [stack:19890]
7f9c17972000-7f9c17975000 ---p 00000000 00:00 0 
7f9c17975000-7f9c17a73000 rw-p 00000000 00:00 0                          [stack:19889]
7f9c17a73000-7f9c17a76000 ---p 00000000 00:00 0 
7f9c17a76000-7f9c17b74000 rw-p 00000000 00:00 0                          [stack:19888]
7f9c17b74000-7f9c17b77000 ---p 00000000 00:00 0 
7f9c17b77000-7f9c17c75000 rw-p 00000000 00:00 0                          [stack:19887]
7f9c17c75000-7f9c17dfe000 r--p 00000000 08:07 1444740                    /usr/lib/locale/locale-archive
7f9c17dfe000-7f9c17e01000 ---p 00000000 00:00 0 
7f9c17e01000-7f9c17eff000 rw-p 00000000 00:00 0                          [stack:19886]
7f9c17eff000-7f9c17f02000 ---p 00000000 00:00 0 
7f9c17f02000-7f9c18000000 rw-p 00000000 00:00 0                          [stack:19885]
7f9c18000000-7f9c18021000 rw-p 00000000 00:00 0 
7f9c18021000-7f9c1c000000 ---p 00000000 00:00 0 
7f9c1c036000-7f9c1c045000 r--s 000df000 08:08 23338543                   /home/leonardo/Android/Sdk/build-tools/23.0.1/lib/dx.jar
7f9c1c045000-7f9c1c046000 ---p 00000000 00:00 0 
7f9c1c046000-7f9c1d122000 rw-p 00000000 00:00 0                          [stack:19884]
7f9c1d122000-7f9c1d2d3000 r--s 01d29000 08:07 1572795                    /usr/lib/jvm/java-7-openjdk-amd64/jre/lib/rt.jar
7f9c1d2d3000-7f9c1fb27000 rw-p 00000000 00:00 0 
7f9c1fb27000-7f9c1fb28000 ---p 00000000 00:00 0 
7f9c1fb28000-7f9c1fc28000 rw-p 00000000 00:00 0                          [stack:19882]
7f9c1fc28000-7f9c1fc29000 ---p 00000000 00:00 0 
7f9c1fc29000-7f9c1fd29000 rw-p 00000000 00:00 0                          [stack:19881]
7f9c1fd29000-7f9c1fd2a000 ---p 00000000 00:00 0 
7f9c1fd2a000-7f9c1fe2a000 rw-p 00000000 00:00 0                          [stack:19880]
7f9c1fe2a000-7f9c1fe2b000 ---p 00000000 00:00 0 
7f9c1fe2b000-7f9c1ff36000 rw-p 00000000 00:00 0                          [stack:19879]
7f9c1ff36000-7f9c1ff7e000 rw-p 00000000 00:00 0 
7f9c1ff7e000-7f9c1ff9d000 rw-p 00000000 00:00 0 
7f9c1ff9d000-7f9c200d3000 rw-p 00000000 00:00 0 
7f9c200d3000-7f9c200ef000 rw-p 00000000 00:00 0 
7f9c200ef000-7f9c2017e000 rw-p 00000000 00:00 0 
7f9c2017e000-7f9c2017f000 rw-p 00000000 00:00 0 
7f9c2017f000-7f9c203ef000 rwxp 00000000 00:00 0 
7f9c203ef000-7f9c2317f000 rw-p 00000000 00:00 0 
7f9c2317f000-7f9c23187000 r-xp 00000000 08:07 1574881                    /usr/lib/jvm/java-7-openjdk-amd64/jre/lib/amd64/libzip.so
7f9c23187000-7f9c23386000 ---p 00008000 08:07 1574881                    /usr/lib/jvm/java-7-openjdk-amd64/jre/lib/amd64/libzip.so
7f9c23386000-7f9c23387000 r--p 00007000 08:07 1574881                    /usr/lib/jvm/java-7-openjdk-amd64/jre/lib/amd64/libzip.so
7f9c23387000-7f9c23388000 rw-p 00008000 08:07 1574881                    /usr/lib/jvm/java-7-openjdk-amd64/jre/lib/amd64/libzip.so
7f9c23388000-7f9c23393000 r-xp 00000000 08:07 1589917                    /lib/x86_64-linux-gnu/libnss_files-2.19.so
7f9c23393000-7f9c23592000 ---p 0000b000 08:07 1589917                    /lib/x86_64-linux-gnu/libnss_files-2.19.so
7f9c23592000-7f9c23593000 r--p 0000a000 08:07 1589917                    /lib/x86_64-linux-gnu/libnss_files-2.19.so
7f9c23593000-7f9c23594000 rw-p 0000b000 08:07 1589917                    /lib/x86_64-linux-gnu/libnss_files-2.19.so
7f9c23594000-7f9c2359e000 r-xp 00000000 08:07 1589919                    /lib/x86_64-linux-gnu/libnss_nis-2.19.so
7f9c2359e000-7f9c2379d000 ---p 0000a000 08:07 1589919                    /lib/x86_64-linux-gnu/libnss_nis-2.19.so
7f9c2379d000-7f9c2379e000 r--p 00009000 08:07 1589919                    /lib/x86_64-linux-gnu/libnss_nis-2.19.so
7f9c2379e000-7f9c2379f000 rw-p 0000a000 08:07 1589919                    /lib/x86_64-linux-gnu/libnss_nis-2.19.so
7f9c2379f000-7f9c237b4000 r-xp 00000000 08:07 1589914                    /lib/x86_64-linux-gnu/libnsl-2.19.so
7f9c237b4000-7f9c239b3000 ---p 00015000 08:07 1589914                    /lib/x86_64-linux-gnu/libnsl-2.19.so
7f9c239b3000-7f9c239b4000 r--p 00014000 08:07 1589914                    /lib/x86_64-linux-gnu/libnsl-2.19.so
7f9c239b4000-7f9c239b5000 rw-p 00015000 08:07 1589914                    /lib/x86_64-linux-gnu/libnsl-2.19.so
7f9c239b5000-7f9c239b7000 rw-p 00000000 00:00 0 
7f9c239b7000-7f9c239be000 r-xp 00000000 08:07 1589915                    /lib/x86_64-linux-gnu/libnss_compat-2.19.so
7f9c239be000-7f9c23bbd000 ---p 00007000 08:07 1589915                    /lib/x86_64-linux-gnu/libnss_compat-2.19.so
7f9c23bbd000-7f9c23bbe000 r--p 00006000 08:07 1589915                    /lib/x86_64-linux-gnu/libnss_compat-2.19.so
7f9c23bbe000-7f9c23bbf000 rw-p 00007000 08:07 1589915                    /lib/x86_64-linux-gnu/libnss_compat-2.19.so
7f9c23bbf000-7f9c23bec000 r-xp 00000000 08:07 1580936                    /usr/lib/jvm/java-7-openjdk-amd64/jre/lib/amd64/libjava.so
7f9c23bec000-7f9c23deb000 ---p 0002d000 08:07 1580936                    /usr/lib/jvm/java-7-openjdk-amd64/jre/lib/amd64/libjava.so
7f9c23deb000-7f9c23dec000 r--p 0002c000 08:07 1580936                    /usr/lib/jvm/java-7-openjdk-amd64/jre/lib/amd64/libjava.so
7f9c23dec000-7f9c23dee000 rw-p 0002d000 08:07 1580936                    /usr/lib/jvm/java-7-openjdk-amd64/jre/lib/amd64/libjava.so
7f9c23dee000-7f9c23dfd000 r-xp 00000000 08:07 1574873                    /usr/lib/jvm/java-7-openjdk-amd64/jre/lib/amd64/libverify.so
7f9c23dfd000-7f9c23ffc000 ---p 0000f000 08:07 1574873                    /usr/lib/jvm/java-7-openjdk-amd64/jre/lib/amd64/libverify.so
7f9c23ffc000-7f9c23fff000 r--p 0000e000 08:07 1574873                    /usr/lib/jvm/java-7-openjdk-amd64/jre/lib/amd64/libverify.so
7f9c23fff000-7f9c24000000 rw-p 00011000 08:07 1574873                    /usr/lib/jvm/java-7-openjdk-amd64/jre/lib/amd64/libverify.so
7f9c24000000-7f9c241e0000 rw-p 00000000 00:00 0 
7f9c241e0000-7f9c28000000 ---p 00000000 00:00 0 
7f9c28008000-7f9c2800d000 r--s 0004d000 08:07 1580971                    /usr/lib/jvm/java-7-openjdk-amd64/jre/lib/jsse.jar
7f9c2800d000-7f9c28011000 r--s 00085000 08:07 1701278                    /usr/lib/jvm/java-7-openjdk-amd64/jre/lib/ext/localedata.jar
7f9c28011000-7f9c28065000 rw-p 00000000 00:00 0 
7f9c28065000-7f9c280ad000 rw-p 00000000 00:00 0 
7f9c280ad000-7f9c280cc000 rw-p 00000000 00:00 0 
7f9c280cc000-7f9c28203000 rw-p 00000000 00:00 0 
7f9c28203000-7f9c2820a000 r-xp 00000000 08:07 1589923                    /lib/x86_64-linux-gnu/librt-2.19.so
7f9c2820a000-7f9c28409000 ---p 00007000 08:07 1589923                    /lib/x86_64-linux-gnu/librt-2.19.so
7f9c28409000-7f9c2840a000 r--p 00006000 08:07 1589923                    /lib/x86_64-linux-gnu/librt-2.19.so
7f9c2840a000-7f9c2840b000 rw-p 00007000 08:07 1589923                    /lib/x86_64-linux-gnu/librt-2.19.so
7f9c2840b000-7f9c28421000 r-xp 00000000 08:07 1569811                    /lib/x86_64-linux-gnu/libgcc_s.so.1
7f9c28421000-7f9c28620000 ---p 00016000 08:07 1569811                    /lib/x86_64-linux-gnu/libgcc_s.so.1
7f9c28620000-7f9c28621000 rw-p 00015000 08:07 1569811                    /lib/x86_64-linux-gnu/libgcc_s.so.1
7f9c28621000-7f9c28721000 r-xp 00000000 08:07 1589912                    /lib/x86_64-linux-gnu/libm-2.19.so
7f9c28721000-7f9c28920000 ---p 00100000 08:07 1589912                    /lib/x86_64-linux-gnu/libm-2.19.so
7f9c28920000-7f9c28921000 r--p 000ff000 08:07 1589912                    /lib/x86_64-linux-gnu/libm-2.19.so
7f9c28921000-7f9c28922000 rw-p 00100000 08:07 1589912                    /lib/x86_64-linux-gnu/libm-2.19.so
7f9c28922000-7f9c28a0e000 r-xp 00000000 08:07 1444241                    /usr/lib/x86_64-linux-gnu/libstdc++.so.6.0.20
7f9c28a0e000-7f9c28c0e000 ---p 000ec000 08:07 1444241                    /usr/lib/x86_64-linux-gnu/libstdc++.so.6.0.20
7f9c28c0e000-7f9c28c16000 r--p 000ec000 08:07 1444241                    /usr/lib/x86_64-linux-gnu/libstdc++.so.6.0.20
7f9c28c16000-7f9c28c18000 rw-p 000f4000 08:07 1444241                    /usr/lib/x86_64-linux-gnu/libstdc++.so.6.0.20
7f9c28c18000-7f9c28c2d000 rw-p 00000000 00:00 0 
7f9c28c2d000-7f9c2977a000 r-xp 00000000 08:07 1574899                    /usr/lib/jvm/java-7-openjdk-amd64/jre/lib/amd64/server/libjvm.so
7f9c2977a000-7f9c29979000 ---p 00b4d000 08:07 1574899                    /usr/lib/jvm/java-7-openjdk-amd64/jre/lib/amd64/server/libjvm.so
7f9c29979000-7f9c29a19000 r--p 00b4c000 08:07 1574899                    /usr/lib/jvm/java-7-openjdk-amd64/jre/lib/amd64/server/libjvm.so
7f9c29a19000-7f9c29a3c000 rw-p 00bec000 08:07 1574899                    /usr/lib/jvm/java-7-openjdk-amd64/jre/lib/amd64/server/libjvm.so
7f9c29a3c000-7f9c29a69000 rw-p 00000000 00:00 0 
7f9c29a69000-7f9c29a83000 r-xp 00000000 08:07 1569892                    /lib/x86_64-linux-gnu/libz.so.1.2.8
7f9c29a83000-7f9c29c82000 ---p 0001a000 08:07 1569892                    /lib/x86_64-linux-gnu/libz.so.1.2.8
7f9c29c82000-7f9c29c83000 r--p 00019000 08:07 1569892                    /lib/x86_64-linux-gnu/libz.so.1.2.8
7f9c29c83000-7f9c29c84000 rw-p 0001a000 08:07 1569892                    /lib/x86_64-linux-gnu/libz.so.1.2.8
7f9c29c84000-7f9c29e23000 r-xp 00000000 08:07 1589908                    /lib/x86_64-linux-gnu/libc-2.19.so
7f9c29e23000-7f9c2a023000 ---p 0019f000 08:07 1589908                    /lib/x86_64-linux-gnu/libc-2.19.so
7f9c2a023000-7f9c2a027000 r--p 0019f000 08:07 1589908                    /lib/x86_64-linux-gnu/libc-2.19.so
7f9c2a027000-7f9c2a029000 rw-p 001a3000 08:07 1589908                    /lib/x86_64-linux-gnu/libc-2.19.so
7f9c2a029000-7f9c2a02d000 rw-p 00000000 00:00 0 
7f9c2a02d000-7f9c2a030000 r-xp 00000000 08:07 1589911                    /lib/x86_64-linux-gnu/libdl-2.19.so
7f9c2a030000-7f9c2a22f000 ---p 00003000 08:07 1589911                    /lib/x86_64-linux-gnu/libdl-2.19.so
7f9c2a22f000-7f9c2a230000 r--p 00002000 08:07 1589911                    /lib/x86_64-linux-gnu/libdl-2.19.so
7f9c2a230000-7f9c2a231000 rw-p 00003000 08:07 1589911                    /lib/x86_64-linux-gnu/libdl-2.19.so
7f9c2a231000-7f9c2a23e000 r-xp 00000000 08:07 1706846                    /usr/lib/jvm/java-7-openjdk-amd64/jre/lib/amd64/jli/libjli.so
7f9c2a23e000-7f9c2a43d000 ---p 0000d000 08:07 1706846                    /usr/lib/jvm/java-7-openjdk-amd64/jre/lib/amd64/jli/libjli.so
7f9c2a43d000-7f9c2a43e000 r--p 0000c000 08:07 1706846                    /usr/lib/jvm/java-7-openjdk-amd64/jre/lib/amd64/jli/libjli.so
7f9c2a43e000-7f9c2a43f000 rw-p 0000d000 08:07 1706846                    /usr/lib/jvm/java-7-openjdk-amd64/jre/lib/amd64/jli/libjli.so
7f9c2a43f000-7f9c2a457000 r-xp 00000000 08:07 1589904                    /lib/x86_64-linux-gnu/libpthread-2.19.so
7f9c2a457000-7f9c2a656000 ---p 00018000 08:07 1589904                    /lib/x86_64-linux-gnu/libpthread-2.19.so
7f9c2a656000-7f9c2a657000 r--p 00017000 08:07 1589904                    /lib/x86_64-linux-gnu/libpthread-2.19.so
7f9c2a657000-7f9c2a658000 rw-p 00018000 08:07 1589904                    /lib/x86_64-linux-gnu/libpthread-2.19.so
7f9c2a658000-7f9c2a65c000 rw-p 00000000 00:00 0 
7f9c2a65c000-7f9c2a67c000 r-xp 00000000 08:07 1589905                    /lib/x86_64-linux-gnu/ld-2.19.so
7f9c2a67f000-7f9c2a6a1000 rw-p 00000000 00:00 0 
7f9c2a6a1000-7f9c2a757000 rw-p 00000000 00:00 0 
7f9c2a757000-7f9c2a75a000 ---p 00000000 00:00 0 
7f9c2a75a000-7f9c2a85d000 rw-p 00000000 00:00 0                          [stack:19878]
7f9c2a85f000-7f9c2a860000 rw-p 00000000 00:00 0 
7f9c2a860000-7f9c2a862000 r--s 00006000 08:07 1973687                    /usr/share/java/java-atk-wrapper.jar
7f9c2a862000-7f9c2a865000 r--s 0000f000 08:07 1706842                    /usr/lib/jvm/java-7-openjdk-amd64/jre/lib/ext/icedtea-sound.jar
7f9c2a865000-7f9c2a869000 r--s 0003c000 08:07 1706844                    /usr/lib/jvm/java-7-openjdk-amd64/jre/lib/ext/sunpkcs11.jar
7f9c2a869000-7f9c2a86a000 r--s 00002000 08:07 1706841                    /usr/lib/jvm/java-7-openjdk-amd64/jre/lib/ext/dnsns.jar
7f9c2a86a000-7f9c2a86e000 r--s 00034000 08:07 1706845                    /usr/lib/jvm/java-7-openjdk-amd64/jre/lib/ext/sunjce_provider.jar
7f9c2a86e000-7f9c2a870000 r--s 00012000 08:07 1701276                    /usr/lib/jvm/java-7-openjdk-amd64/jre/lib/ext/zipfs.jar
7f9c2a870000-7f9c2a878000 rw-s 00000000 08:07 1315322                    /tmp/hsperfdata_leonardo/19872
7f9c2a878000-7f9c2a879000 rw-p 00000000 00:00 0 
7f9c2a879000-7f9c2a87a000 ---p 00000000 00:00 0 
7f9c2a87a000-7f9c2a87c000 rw-p 00000000 00:00 0 
7f9c2a87c000-7f9c2a87d000 r--p 00020000 08:07 1589905                    /lib/x86_64-linux-gnu/ld-2.19.so
7f9c2a87d000-7f9c2a87e000 rw-p 00021000 08:07 1589905                    /lib/x86_64-linux-gnu/ld-2.19.so
7f9c2a87e000-7f9c2a87f000 rw-p 00000000 00:00 0 
7ffe68ccb000-7ffe68ced000 rw-p 00000000 00:00 0                          [stack]
7ffe68d21000-7ffe68d23000 r-xp 00000000 00:00 0                          [vdso]
7ffe68d23000-7ffe68d25000 r--p 00000000 00:00 0                          [vvar]
ffffffffff600000-ffffffffff601000 r-xp 00000000 00:00 0                  [vsyscall]

VM Arguments:
jvm_args: -Xmx1024M -Dfile.encoding=UTF-8 -Duser.country=US -Duser.language=en -Duser.variant 
java_command: com.android.dx.command.Main --dex --num-threads=4 --output /home/leonardo/AndroidStudioProjects/MyApplication/app/build/intermediates/dex/debug /home/leonardo/AndroidStudioProjects/MyApplication/app/build/intermediates/classes/debug /home/leonardo/AndroidStudioProjects/MyApplication/app/build/intermediates/pre-dexed/debug/support-annotations-23.1.0-09fe69262eb0103d77b5c204a11134473569c825.jar /home/leonardo/AndroidStudioProjects/MyApplication/app/build/intermediates/pre-dexed/debug/commons-cli-1.1-9660cb966729bb3b92d4a1f8638a9755f1822fbf.jar /home/leonardo/AndroidStudioProjects/MyApplication/app/build/intermediates/pre-dexed/debug/commons-io-1.2-4296b1c822718e4dc7fd08097253575862dd0826.jar /home/leonardo/AndroidStudioProjects/MyApplication/app/build/intermediates/pre-dexed/debug/classes-dbee61d2247c77716e13ef86a718a75569503d45.jar /home/leonardo/AndroidStudioProjects/MyApplication/app/build/intermediates/pre-dexed/debug/internal_impl-23.1.0-8a57c068e26e799ff7fce0070accbd48317c8284.jar /home/leonardo/AndroidStudioProjects/MyApplication/app/build/intermediates/pre-dexed/debug/classes-5313e76ade3e635d3a2f1695eb76ef9c60d1f94b.jar /home/leonardo/AndroidStudioProjects/MyApplication/app/build/intermediates/pre-dexed/debug/rabbitmq-client-b4fa3b6c211d412a916cf1533d793c9f73066b23.jar /home/leonardo/AndroidStudioProjects/MyApplication/app/build/intermediates/pre-dexed/debug/classes-c983a111c548d7bc1b4eea4784b75d75a1c91f9c.jar /home/leonardo/AndroidStudioProjects/MyApplication/app/build/intermediates/pre-dexed/debug/classes-96fa62e6e7119230d645b282078ab5a8aa55c19d.jar
Launcher Type: SUN_STANDARD

Environment Variables:
PATH=/usr/local/bin:/usr/bin:/bin:/usr/local/games:/usr/games
USERNAME=leonardo
LD_LIBRARY_PATH=.:
SHELL=/bin/bash
DISPLAY=:0

Signal Handlers:
SIGSEGV: [libjvm.so+0x980c90], sa_mask[0]=0x7ffbfeff, sa_flags=0x10000004
SIGBUS: [libjvm.so+0x980c90], sa_mask[0]=0x7ffbfeff, sa_flags=0x10000004
SIGFPE: [libjvm.so+0x7eebc0], sa_mask[0]=0x7ffbfeff, sa_flags=0x10000004
SIGPIPE: [libjvm.so+0x7eebc0], sa_mask[0]=0x7ffbfeff, sa_flags=0x10000004
SIGXFSZ: [libjvm.so+0x7eebc0], sa_mask[0]=0x7ffbfeff, sa_flags=0x10000004
SIGILL: [libjvm.so+0x7eebc0], sa_mask[0]=0x7ffbfeff, sa_flags=0x10000004
SIGUSR1: SIG_DFL, sa_mask[0]=0x00000000, sa_flags=0x00000000
SIGUSR2: [libjvm.so+0x7eea40], sa_mask[0]=0x00000004, sa_flags=0x10000004
SIGHUP: [libjvm.so+0x7eec40], sa_mask[0]=0x7ffbfeff, sa_flags=0x10000004
SIGINT: [libjvm.so+0x7eec40], sa_mask[0]=0x7ffbfeff, sa_flags=0x10000004
SIGTERM: [libjvm.so+0x7eec40], sa_mask[0]=0x7ffbfeff, sa_flags=0x10000004
SIGQUIT: [libjvm.so+0x7eec40], sa_mask[0]=0x7ffbfeff, sa_flags=0x10000004
SIGTRAP: SIG_DFL, sa_mask[0]=0x00000000, sa_flags=0x00000000


---------------  S Y S T E M  ---------------

OS:8.2

uname:Linux 3.16.0-4-amd64 #1 SMP Debian 3.16.7-ckt11-1+deb8u4 (2015-09-19) x86_64
libc:glibc 2.19 NPTL 2.19 
rlimit: STACK 8192k, CORE 0k, NPROC 23397, NOFILE 65536, AS infinity
load average:1.92 1.54 1.25

/proc/meminfo:
MemTotal:        6006744 kB
MemFree:          141036 kB
MemAvailable:      88488 kB
Buffers:             992 kB
Cached:           632000 kB
SwapCached:            0 kB
Active:          5146988 kB
Inactive:         551912 kB
Active(anon):    5138196 kB
Inactive(anon):   540028 kB
Active(file):       8792 kB
Inactive(file):    11884 kB
Unevictable:          64 kB
Mlocked:              64 kB
SwapTotal:             0 kB
SwapFree:              0 kB
Dirty:               632 kB
Writeback:             0 kB
AnonPages:       5066252 kB
Mapped:           139516 kB
Shmem:            612108 kB
Slab:              81484 kB
SReclaimable:      43160 kB
SUnreclaim:        38324 kB
KernelStack:        9408 kB
PageTables:        34648 kB
NFS_Unstable:          0 kB
Bounce:                0 kB
WritebackTmp:          0 kB
CommitLimit:     3003372 kB
Committed_AS:    9391460 kB
VmallocTotal:   34359738367 kB
VmallocUsed:      356516 kB
VmallocChunk:   34359311924 kB
HardwareCorrupted:     0 kB
AnonHugePages:         0 kB
HugePages_Total:       0
HugePages_Free:        0
HugePages_Rsvd:        0
HugePages_Surp:        0
Hugepagesize:       2048 kB
DirectMap4k:       66300 kB
DirectMap2M:     6105088 kB


CPU:total 4 (2 cores per cpu, 2 threads per core) family 6 model 58 stepping 9, cmov, cx8, fxsr, mmx, sse, sse2, sse3, ssse3, sse4.1, sse4.2, popcnt, avx, aes, erms, ht, tsc, tscinvbit, tscinv

/proc/cpuinfo:
processor	: 0
vendor_id	: GenuineIntel
cpu family	: 6
model		: 58
model name	: Intel(R) Core(TM) i5-3230M CPU @ 2.60GHz
stepping	: 9
microcode	: 0x12
cpu MHz		: 1350.171
cache size	: 3072 KB
physical id	: 0
siblings	: 4
core id		: 0
cpu cores	: 2
apicid		: 0
initial apicid	: 0
fpu		: yes
fpu_exception	: yes
cpuid level	: 13
wp		: yes
flags		: fpu vme de pse tsc msr pae mce cx8 apic sep mtrr pge mca cmov pat pse36 clflush dts acpi mmx fxsr sse sse2 ss ht tm pbe syscall nx rdtscp lm constant_tsc arch_perfmon pebs bts rep_good nopl xtopology nonstop_tsc aperfmperf eagerfpu pni pclmulqdq dtes64 monitor ds_cpl vmx est tm2 ssse3 cx16 xtpr pdcm pcid sse4_1 sse4_2 x2apic popcnt tsc_deadline_timer aes xsave avx f16c rdrand lahf_lm ida arat epb xsaveopt pln pts dtherm tpr_shadow vnmi flexpriority ept vpid fsgsbase smep erms
bogomips	: 5188.18
clflush size	: 64
cache_alignment	: 64
address sizes	: 36 bits physical, 48 bits virtual
power management:

processor	: 1
vendor_id	: GenuineIntel
cpu family	: 6
model		: 58
model name	: Intel(R) Core(TM) i5-3230M CPU @ 2.60GHz
stepping	: 9
microcode	: 0x12
cpu MHz		: 1218.039
cache size	: 3072 KB
physical id	: 0
siblings	: 4
core id		: 0
cpu cores	: 2
apicid		: 1
initial apicid	: 1
fpu		: yes
fpu_exception	: yes
cpuid level	: 13
wp		: yes
flags		: fpu vme de pse tsc msr pae mce cx8 apic sep mtrr pge mca cmov pat pse36 clflush dts acpi mmx fxsr sse sse2 ss ht tm pbe syscall nx rdtscp lm constant_tsc arch_perfmon pebs bts rep_good nopl xtopology nonstop_tsc aperfmperf eagerfpu pni pclmulqdq dtes64 monitor ds_cpl vmx est tm2 ssse3 cx16 xtpr pdcm pcid sse4_1 sse4_2 x2apic popcnt tsc_deadline_timer aes xsave avx f16c rdrand lahf_lm ida arat epb xsaveopt pln pts dtherm tpr_shadow vnmi flexpriority ept vpid fsgsbase smep erms
bogomips	: 5188.18
clflush size	: 64
cache_alignment	: 64
address sizes	: 36 bits physical, 48 bits virtual
power management:

processor	: 2
vendor_id	: GenuineIntel
cpu family	: 6
model		: 58
model name	: Intel(R) Core(TM) i5-3230M CPU @ 2.60GHz
stepping	: 9
microcode	: 0x12
cpu MHz		: 1213.570
cache size	: 3072 KB
physical id	: 0
siblings	: 4
core id		: 1
cpu cores	: 2
apicid		: 2
initial apicid	: 2
fpu		: yes
fpu_exception	: yes
cpuid level	: 13
wp		: yes
flags		: fpu vme de pse tsc msr pae mce cx8 apic sep mtrr pge mca cmov pat pse36 clflush dts acpi mmx fxsr sse sse2 ss ht tm pbe syscall nx rdtscp lm constant_tsc arch_perfmon pebs bts rep_good nopl xtopology nonstop_tsc aperfmperf eagerfpu pni pclmulqdq dtes64 monitor ds_cpl vmx est tm2 ssse3 cx16 xtpr pdcm pcid sse4_1 sse4_2 x2apic popcnt tsc_deadline_timer aes xsave avx f16c rdrand lahf_lm ida arat epb xsaveopt pln pts dtherm tpr_shadow vnmi flexpriority ept vpid fsgsbase smep erms
bogomips	: 5188.18
clflush size	: 64
cache_alignment	: 64
address sizes	: 36 bits physical, 48 bits virtual
power management:

processor	: 3
vendor_id	: GenuineIntel
cpu family	: 6
model		: 58
model name	: Intel(R) Core(TM) i5-3230M CPU @ 2.60GHz
stepping	: 9
microcode	: 0x12
cpu MHz		: 1213.570
cache size	: 3072 KB
physical id	: 0
siblings	: 4
core id		: 1
cpu cores	: 2
apicid		: 3
initial apicid	: 3
fpu		: yes
fpu_exception	: yes
cpuid level	: 13
wp		: yes
flags		: fpu vme de pse tsc msr pae mce cx8 apic sep mtrr pge mca cmov pat pse36 clflush dts acpi mmx fxsr sse sse2 ss ht tm pbe syscall nx rdtscp lm constant_tsc arch_perfmon pebs bts rep_good nopl xtopology nonstop_tsc aperfmperf eagerfpu pni pclmulqdq dtes64 monitor ds_cpl vmx est tm2 ssse3 cx16 xtpr pdcm pcid sse4_1 sse4_2 x2apic popcnt tsc_deadline_timer aes xsave avx f16c rdrand lahf_lm ida arat epb xsaveopt pln pts dtherm tpr_shadow vnmi flexpriority ept vpid fsgsbase smep erms
bogomips	: 5188.18
clflush size	: 64
cache_alignment	: 64
address sizes	: 36 bits physical, 48 bits virtual
power management:



Memory: 4k page, physical 6006744k(140540k free), swap 0k(0k free)

vm_info: OpenJDK 64-Bit Server VM (24.79-b02) for linux-amd64 JRE (1.7.0_79-b14), built on Jul 24 2015 11:04:00 by "jmm" with gcc 4.9.2

time: Wed Oct 21 00:59:53 2015
elapsed time: 5 seconds

